<?xml version="1.0" encoding="UTF-8"?>
<testsuite name="example.ExampleTest" tests="1" skipped="0" failures="0" errors="0" timestamp="2022-06-30T15:52:12" hostname="james-HP-ProDesk-400-G6-MT" time="2.005">
  <properties/>
  <testcase name="profileEnumTest" classname="example.ExampleTest" time="2.005"/>
  <system-out><![CDATA[]]></system-out>
  <system-err><![CDATA[]]></system-err>
</testsuite>
