<?xml version="1.0" encoding="UTF-8"?>
<testsuite name="gin.edit.line.CopyLineTest" tests="7" skipped="0" failures="0" errors="0" timestamp="2022-06-30T15:45:12" hostname="james-HP-ProDesk-400-G6-MT" time="0.04">
  <properties/>
  <testcase name="testConstructorSpecific" classname="gin.edit.line.CopyLineTest" time="0.001"/>
  <testcase name="getEditType" classname="gin.edit.line.CopyLineTest" time="0.009"/>
  <testcase name="testConstructorRandom" classname="gin.edit.line.CopyLineTest" time="0.002"/>
  <testcase name="toStringTest" classname="gin.edit.line.CopyLineTest" time="0.0"/>
  <testcase name="applyAlreadyDeleted" classname="gin.edit.line.CopyLineTest" time="0.007"/>
  <testcase name="applyIndexOutOfBounds" classname="gin.edit.line.CopyLineTest" time="0.004"/>
  <testcase name="applySuccessfully" classname="gin.edit.line.CopyLineTest" time="0.017"/>
  <system-out><![CDATA[]]></system-out>
  <system-err><![CDATA[]]></system-err>
</testsuite>
