<?xml version="1.0" encoding="UTF-8"?>
<testsuite name="gin.util.MavenUtilsTest" tests="1" skipped="0" failures="0" errors="0" timestamp="2022-06-30T15:50:30" hostname="james-HP-ProDesk-400-G6-MT" time="0.2">
  <properties/>
  <testcase name="testFindMavenHomePath" classname="gin.util.MavenUtilsTest" time="0.2"/>
  <system-out><![CDATA[]]></system-out>
  <system-err><![CDATA[]]></system-err>
</testsuite>
