<?xml version="1.0" encoding="UTF-8"?>
<testsuite name="gin.misc.FullyQualifiedNamesTest" tests="3" skipped="0" failures="0" errors="0" timestamp="2022-06-30T15:50:29" hostname="james-HP-ProDesk-400-G6-MT" time="0.296">
  <properties/>
  <testcase name="makeMethodNameFullyQualified" classname="gin.misc.FullyQualifiedNamesTest" time="0.256"/>
  <testcase name="testMethodNames" classname="gin.misc.FullyQualifiedNamesTest" time="0.019"/>
  <testcase name="testIssue52" classname="gin.misc.FullyQualifiedNamesTest" time="0.021"/>
  <system-out><![CDATA[]]></system-out>
  <system-err><![CDATA[]]></system-err>
</testsuite>
