<?xml version="1.0" encoding="UTF-8"?>
<testsuite name="gin.test.CompilerTest" tests="1" skipped="0" failures="0" errors="0" timestamp="2022-06-30T15:49:25" hostname="james-HP-ProDesk-400-G6-MT" time="0.221">
  <properties/>
  <testcase name="testCompile" classname="gin.test.CompilerTest" time="0.221"/>
  <system-out><![CDATA[]]></system-out>
  <system-err><![CDATA[]]></system-err>
</testsuite>
