<?xml version="1.0" encoding="UTF-8"?>
<testsuite name="gin.util.regression.RTSFactoryTest" tests="4" skipped="0" failures="0" errors="0" timestamp="2022-06-30T15:50:30" hostname="james-HP-ProDesk-400-G6-MT" time="0.341">
  <properties/>
  <testcase name="testCreateEkstazi" classname="gin.util.regression.RTSFactoryTest" time="0.326"/>
  <testcase name="testCreateRandom" classname="gin.util.regression.RTSFactoryTest" time="0.014"/>
  <testcase name="testCreateSTARTS" classname="gin.util.regression.RTSFactoryTest" time="0.001"/>
  <testcase name="testCreateNone" classname="gin.util.regression.RTSFactoryTest" time="0.0"/>
  <system-out><![CDATA[]]></system-out>
  <system-err><![CDATA[]]></system-err>
</testsuite>
