<?xml version="1.0" encoding="UTF-8"?>
<testsuite name="gin.util.regression.impl.STARTSRTSTest" tests="7" skipped="0" failures="0" errors="0" timestamp="2022-06-30T15:50:30" hostname="james-HP-ProDesk-400-G6-MT" time="0.057">
  <properties/>
  <testcase name="testLinkMethods" classname="gin.util.regression.impl.STARTSRTSTest" time="0.052"/>
  <testcase name="testGetTestGoal" classname="gin.util.regression.impl.STARTSRTSTest" time="0.0"/>
  <testcase name="testGetTargetClassesToTestCases2" classname="gin.util.regression.impl.STARTSRTSTest" time="0.001"/>
  <testcase name="testGetTargetClassesToTestCases3" classname="gin.util.regression.impl.STARTSRTSTest" time="0.0"/>
  <testcase name="testGetTargetClassesToTestCases4" classname="gin.util.regression.impl.STARTSRTSTest" time="0.0"/>
  <testcase name="testGetArgumentLine" classname="gin.util.regression.impl.STARTSRTSTest" time="0.0"/>
  <testcase name="testConstructor" classname="gin.util.regression.impl.STARTSRTSTest" time="0.004"/>
  <system-out><![CDATA[]]></system-out>
  <system-err><![CDATA[]]></system-err>
</testsuite>
