<?xml version="1.0" encoding="UTF-8"?>
<testsuite name="gin.util.HotMethodTest" tests="3" skipped="0" failures="0" errors="0" timestamp="2022-06-30T15:52:02" hostname="james-HP-ProDesk-400-G6-MT" time="0.0">
  <properties/>
  <testcase name="testGetFullMethodName" classname="gin.util.HotMethodTest" time="0.0"/>
  <testcase name="testCompareTo" classname="gin.util.HotMethodTest" time="0.0"/>
  <testcase name="testEquals" classname="gin.util.HotMethodTest" time="0.0"/>
  <system-out><![CDATA[]]></system-out>
  <system-err><![CDATA[]]></system-err>
</testsuite>
