<?xml version="1.0" encoding="UTF-8"?>
<testsuite name="gin.test.TestResultTest" tests="2" skipped="0" failures="0" errors="0" timestamp="2022-06-30T15:45:13" hostname="james-HP-ProDesk-400-G6-MT" time="0.215">
  <properties/>
  <testcase name="testToString" classname="gin.test.TestResultTest" time="0.213"/>
  <testcase name="getExecutionTime" classname="gin.test.TestResultTest" time="0.0"/>
  <system-out><![CDATA[]]></system-out>
  <system-err><![CDATA[]]></system-err>
</testsuite>
